<?xml version="1.0" encoding="UTF-8"?>
<!-- Generated by org.testng.reporters.JUnitReportReporter -->
<testsuite hostname="LTIN305602" failures="0" tests="1" name="day8.DeleteUser" time="0.622" errors="0" timestamp="2024-08-09T18:15:52 IST" skipped="0">
  <testcase classname="day8.DeleteUser" name="testDeleteUser" time="0.622"/>
  <system-out/>
</testsuite> <!-- day8.DeleteUser -->
