<?xml version="1.0" encoding="UTF-8"?>
<!-- Generated by org.testng.reporters.JUnitReportReporter -->
<testsuite hostname="LTIN305602" failures="0" tests="4" name="day1.HttpRequests" time="4.829" errors="0" timestamp="2024-08-06T13:13:23 IST" skipped="0">
  <testcase classname="day1.HttpRequests" name="getUser" time="2.801"/>
  <system-out/>
  <testcase classname="day1.HttpRequests" name="createuser" time="1.050"/>
  <system-out/>
  <testcase classname="day1.HttpRequests" name="updateUser" time="0.514"/>
  <system-out/>
  <testcase classname="day1.HttpRequests" name="deleteuser" time="0.464"/>
  <system-out/>
</testsuite> <!-- day1.HttpRequests -->
