<?xml version="1.0" encoding="UTF-8"?>
<!-- Generated by org.testng.reporters.JUnitReportReporter -->
<testsuite hostname="LTIN305602" failures="0" tests="2" name="day6.SerializationDeserialization" time="0.375" errors="0" timestamp="2024-08-08T17:16:03 IST" skipped="0">
  <testcase classname="day6.SerializationDeserialization" name="ConvertPojo2Json" time="0.343"/>
  <system-out/>
  <testcase classname="day6.SerializationDeserialization" name="Convertjson2Pojo" time="0.032"/>
  <system-out/>
</testsuite> <!-- day6.SerializationDeserialization -->
