<?xml version="1.0" encoding="UTF-8"?>
<!-- Generated by org.testng.reporters.JUnitReportReporter -->
<testsuite hostname="LTIN305602" failures="0" tests="1" name="day4.ParsingJSONresponsedata" time="1.674" errors="0" timestamp="2024-08-08T11:11:03 IST" skipped="0">
  <testcase classname="day4.ParsingJSONresponsedata" name="testjsonResponse" time="1.674"/>
  <system-out/>
</testsuite> <!-- day4.ParsingJSONresponsedata -->
