<?xml version="1.0" encoding="UTF-8"?>
<!-- Generated by org.testng.reporters.JUnitReportReporter -->
<testsuite hostname="LTIN305602" failures="0" tests="2" name="day2.DiffWaysToCreatePostReqBody" time="2.130" errors="0" timestamp="2024-08-06T23:39:21 IST" skipped="0">
  <testcase classname="day2.DiffWaysToCreatePostReqBody" name="postUsingExternaljsonFile" time="2.090"/>
  <system-out/>
  <testcase classname="day2.DiffWaysToCreatePostReqBody" name="testdelete" time="0.040"/>
  <system-out/>
</testsuite> <!-- day2.DiffWaysToCreatePostReqBody -->
