<?xml version="1.0" encoding="UTF-8"?>
<!-- Generated by org.testng.reporters.JUnitReportReporter -->
<testsuite hostname="LTIN305602" failures="0" tests="1" name="day3.CookiesDemo" time="3.394" errors="0" timestamp="2024-08-07T15:54:39 IST" skipped="0">
  <testcase classname="day3.CookiesDemo" name="getCookiesInfo" time="3.394"/>
  <system-out/>
</testsuite> <!-- day3.CookiesDemo -->
