<?xml version="1.0" encoding="UTF-8"?>
<!-- Generated by org.testng.reporters.JUnitReportReporter -->
<testsuite hostname="LTIN305602" failures="0" tests="1" name="day8.GetUser" time="0.668" errors="0" timestamp="2024-08-09T18:15:52 IST" skipped="0">
  <testcase classname="day8.GetUser" name="testCreateUser" time="0.668"/>
  <system-out/>
</testsuite> <!-- day8.GetUser -->
