<?xml version="1.0" encoding="UTF-8"?>
<!-- Generated by org.testng.reporters.JUnitReportReporter -->
<testsuite hostname="LTIN305602" failures="0" tests="1" name="day3.HeadersDemo" time="2.364" errors="0" timestamp="2024-08-07T18:28:39 IST" skipped="0">
  <testcase classname="day3.HeadersDemo" name="getHeaders" time="2.364"/>
  <system-out/>
</testsuite> <!-- day3.HeadersDemo -->
