<?xml version="1.0" encoding="UTF-8"?>
<!-- Generated by org.testng.reporters.JUnitReportReporter -->
<testsuite hostname="LTIN305602" failures="0" tests="1" name="day7.Authentications" time="3.673" errors="0" timestamp="2024-08-08T22:47:40 IST" skipped="0">
  <testcase classname="day7.Authentications" name="APIKeyAuthentication" time="3.673"/>
  <system-out/>
</testsuite> <!-- day7.Authentications -->
