<?xml version="1.0" encoding="UTF-8"?>
<!-- Generated by org.testng.reporters.JUnitReportReporter -->
<testsuite hostname="LTIN305602" failures="0" tests="1" name="day3.PathandQueryParam" time="2.259" errors="0" timestamp="2024-08-07T14:00:37 IST" skipped="0">
  <testcase classname="day3.PathandQueryParam" name="PathandQueryPara" time="2.259"/>
  <system-out/>
</testsuite> <!-- day3.PathandQueryParam -->
